<?xml version="1.0" encoding="UTF-8"?>
<testng-results skipped="0" failed="0" total="1" passed="1">
  <reporter-output>
  </reporter-output>
  <suite name="Suite" duration-ms="25201" started-at="2018-06-03T17:55:36Z" finished-at="2018-06-03T17:56:01Z">
    <groups>
    </groups>
    <test name="Test" duration-ms="25201" started-at="2018-06-03T17:55:36Z" finished-at="2018-06-03T17:56:01Z">
      <class name="jenkin1.Jenkin1">
        <test-method status="PASS" signature="Jenkin()" name="Jenkin" duration-ms="25186" started-at="2018-06-03T17:55:36Z" finished-at="2018-06-03T17:56:01Z">
        </test-method>
      </class>
    </test>
  </suite>
</testng-results>
